[debug] [2020-07-11T19:14:02.273Z] ----------------------------------------------------------------------
[debug] [2020-07-11T19:14:02.282Z] Command:       /usr/bin/node /usr/bin/firebase deploy
[debug] [2020-07-11T19:14:02.282Z] CLI Version:   8.4.3
[debug] [2020-07-11T19:14:02.283Z] Platform:      linux
[debug] [2020-07-11T19:14:02.283Z] Node Version:  v12.18.0
[debug] [2020-07-11T19:14:02.323Z] Time:          Sat Jul 11 2020 21:14:02 GMT+0200 (Eastern European Standard Time)
[debug] [2020-07-11T19:14:02.324Z] ----------------------------------------------------------------------
[debug] [2020-07-11T19:14:02.325Z] 
[debug] [2020-07-11T19:14:02.396Z] > command requires scopes: ["email","openid","https://www.googleapis.com/auth/cloudplatformprojects.readonly","https://www.googleapis.com/auth/firebase","https://www.googleapis.com/auth/cloud-platform"]
[debug] [2020-07-11T19:14:02.397Z] > authorizing via signed-in user
[debug] [2020-07-11T19:14:02.398Z] [iam] checking project colorite-kareem for permissions ["firebase.projects.get","firebasehosting.sites.update"]
[debug] [2020-07-11T19:14:02.405Z] > refreshing access token with scopes: ["email","https://www.googleapis.com/auth/cloud-platform","https://www.googleapis.com/auth/cloudplatformprojects.readonly","https://www.googleapis.com/auth/firebase","openid"]
[debug] [2020-07-11T19:14:02.406Z] >>> HTTP REQUEST POST https://www.googleapis.com/oauth2/v3/token  
 <request body omitted>
[debug] [2020-07-11T19:14:02.546Z] [iam] error while checking permissions, command may fail: FirebaseError: Authentication Error: Your credentials are no longer valid. Please run firebase login --reauth

For CI servers and headless environments, generate a new token with firebase login:ci
[debug] [2020-07-11T19:14:02.549Z] > refreshing access token with scopes: ["email","https://www.googleapis.com/auth/cloud-platform","https://www.googleapis.com/auth/cloudplatformprojects.readonly","https://www.googleapis.com/auth/firebase","openid"]
[debug] [2020-07-11T19:14:02.550Z] >>> HTTP REQUEST POST https://www.googleapis.com/oauth2/v3/token  
 <request body omitted>
[debug] [2020-07-11T19:14:02.572Z] Authentication Error: Your credentials are no longer valid. Please run firebase login --reauth

For CI servers and headless environments, generate a new token with firebase login:ci
[debug] [2020-07-11T19:14:02.576Z] FirebaseError: Authentication Error: Your credentials are no longer valid. Please run firebase login --reauth

For CI servers and headless environments, generate a new token with firebase login:ci
    at Object.<anonymous> (/usr/lib64/node_modules/firebase-tools/lib/auth.js:23:32)
    at Module._compile (internal/modules/cjs/loader.js:1138:30)
    at Object.Module._extensions..js (internal/modules/cjs/loader.js:1158:10)
    at Module.load (internal/modules/cjs/loader.js:986:32)
    at Function.Module._load (internal/modules/cjs/loader.js:879:14)
    at Module.require (internal/modules/cjs/loader.js:1026:19)
    at require (internal/modules/cjs/helpers.js:72:18)
    at Object.<anonymous> (/usr/lib64/node_modules/firebase-tools/lib/commands/login.js:20:14)
    at Module._compile (internal/modules/cjs/loader.js:1138:30)
    at Object.Module._extensions..js (internal/modules/cjs/loader.js:1158:10)
    at Module.load (internal/modules/cjs/loader.js:986:32)
    at Function.Module._load (internal/modules/cjs/loader.js:879:14)
    at Module.require (internal/modules/cjs/loader.js:1026:19)
    at require (internal/modules/cjs/helpers.js:72:18)
    at loadCommand (/usr/lib64/node_modules/firebase-tools/lib/commands/index.js:5:19)
    at module.exports (/usr/lib64/node_modules/firebase-tools/lib/commands/index.js:89:20)
[error] 
[error] Error: Failed to get Firebase project colorite-kareem. Please make sure the project exists and your account has permission to access it.
